d:\projects\c projects\svg-application\courseproject\debug\vc140.pdb
d:\projects\c projects\svg-application\courseproject\debug\vc140.idb
d:\projects\c projects\svg-application\courseproject\debug\courseproject.obj
d:\projects\c projects\svg-application\courseproject\debug\stdafx.obj
d:\projects\c projects\svg-application\courseproject\debug\shape.obj
d:\projects\c projects\svg-application\courseproject\debug\dynamicchar.obj
d:\projects\c projects\svg-application\courseproject\debug\polygontypes.obj
d:\projects\c projects\svg-application\courseproject\debug\rectangle.obj
d:\projects\c projects\svg-application\courseproject\debug\ellipse.obj
d:\projects\c projects\svg-application\courseproject\debug\line.obj
d:\projects\c projects\svg-application\courseproject\debug\polygon.obj
d:\projects\c projects\svg-application\courseproject\debug\polyline.obj
d:\projects\c projects\svg-application\courseproject\debug\circle.obj
d:\projects\c projects\svg-application\debug\courseproject.ilk
d:\projects\c projects\svg-application\debug\courseproject.exe
d:\projects\c projects\svg-application\debug\courseproject.pdb
d:\projects\c projects\svg-application\courseproject\debug\courseproject.res
d:\projects\c projects\svg-application\courseproject\debug\courseproject.obj.enc
d:\projects\c projects\svg-application\courseproject\debug\dynamicchar.obj.enc
d:\projects\c projects\svg-application\courseproject\debug\courseproject.tlog\cl.command.1.tlog
d:\projects\c projects\svg-application\courseproject\debug\courseproject.tlog\cl.read.1.tlog
d:\projects\c projects\svg-application\courseproject\debug\courseproject.tlog\cl.write.1.tlog
d:\projects\c projects\svg-application\courseproject\debug\courseproject.tlog\link.command.1.tlog
d:\projects\c projects\svg-application\courseproject\debug\courseproject.tlog\link.read.1.tlog
d:\projects\c projects\svg-application\courseproject\debug\courseproject.tlog\link.write.1.tlog
d:\projects\c projects\svg-application\courseproject\debug\courseproject.tlog\rc.command.1.tlog
d:\projects\c projects\svg-application\courseproject\debug\courseproject.tlog\rc.read.1.tlog
d:\projects\c projects\svg-application\courseproject\debug\courseproject.tlog\rc.write.1.tlog
